<?xml version="1.0" encoding="UTF-8"?>
<!-- Generated by org.testng.reporters.JUnitXMLReporter -->
<testsuite hostname="LAPTOP-3QIEG8I8" ignored="2" name="Sample test" tests="2" failures="0" timestamp="19 May 2020 02:12:54 GMT" time="49.764" errors="0">
  <testcase name="validLoginTest" time="6.936" classname="com.training.sanity.tests.LoginTests"/>
  <testcase name="addNewProperty" time="20.124" classname="com.training.sanity.tests.LoginTests"/>
  <testcase name="enquireAndCalculateLoan" time="0.0" classname="com.training.sanity.tests.LoginTests">
    <ignored/>
  </testcase> <!-- enquireAndCalculateLoan -->
  <testcase name="registerUserTest" time="0.0" classname="com.training.sanity.tests.LoginTests">
    <ignored/>
  </testcase> <!-- registerUserTest -->
</testsuite> <!-- Sample test -->
