<?xml version="1.0" encoding="UTF-8"?>
<!-- Generated by org.testng.reporters.JUnitXMLReporter -->
<testsuite hostname="LAPTOP-3QIEG8I8" ignored="1" name="Sample test" tests="2" failures="0" timestamp="08 May 2020 02:05:31 GMT" time="35.151" errors="0">
  <testcase name="validLoginTest" time="8.542" classname="com.training.sanity.tests.LoginTests"/>
  <testcase name="deleteCategories" time="5.508" classname="com.training.sanity.tests.LoginTests"/>
  <testcase name="registerUserTest" time="0.0" classname="com.training.sanity.tests.LoginTests">
    <ignored/>
  </testcase> <!-- registerUserTest -->
</testsuite> <!-- Sample test -->
