<?xml version="1.0" encoding="UTF-8"?>
<!-- Generated by org.testng.reporters.JUnitXMLReporter -->
<testsuite hostname="LAPTOP-3QIEG8I8" ignored="0" name="Default test" tests="3" failures="0" timestamp="21 May 2020 05:50:52 GMT" time="82.289" errors="0">
  <testcase name="loginDBTest" time="7.272" classname="com.training.regression.tests.LoginDBTest"/>
  <testcase name="loginDBTest" time="7.942" classname="com.training.regression.tests.LoginDBTest"/>
  <testcase name="loginDBTest" time="6.498" classname="com.training.regression.tests.LoginDBTest"/>
</testsuite> <!-- Default test -->
