<?xml version="1.0" encoding="UTF-8"?>
<testng-results skipped="0" failed="0" ignored="1" total="3" passed="2">
  <reporter-output>
  </reporter-output>
  <suite name="Sample test Suite" duration-ms="35151" started-at="2020-05-08T02:04:55Z" finished-at="2020-05-08T02:05:31Z">
    <groups>
    </groups>
    <test name="Sample test" duration-ms="35151" started-at="2020-05-08T02:04:55Z" finished-at="2020-05-08T02:05:31Z">
      <class name="com.training.sanity.tests.LoginTests">
        <test-method status="PASS" signature="setUpBeforeClass()[pri:0, instance:com.training.sanity.tests.LoginTests@482f8f11]" name="setUpBeforeClass" is-config="true" duration-ms="21065" started-at="2020-05-07T19:04:55Z" finished-at="2020-05-07T19:05:16Z">
          <reporter-output>
          </reporter-output>
        </test-method> <!-- setUpBeforeClass -->
        <test-method status="PASS" signature="validLoginTest()[pri:2, instance:com.training.sanity.tests.LoginTests@482f8f11]" name="validLoginTest" duration-ms="8542" started-at="2020-05-07T19:05:17Z" finished-at="2020-05-07T19:05:25Z">
          <reporter-output>
          </reporter-output>
        </test-method> <!-- validLoginTest -->
        <test-method status="PASS" signature="deleteCategories()[pri:3, instance:com.training.sanity.tests.LoginTests@482f8f11]" name="deleteCategories" duration-ms="5508" started-at="2020-05-07T19:05:25Z" finished-at="2020-05-07T19:05:31Z">
          <reporter-output>
          </reporter-output>
        </test-method> <!-- deleteCategories -->
      </class> <!-- com.training.sanity.tests.LoginTests -->
    </test> <!-- Sample test -->
  </suite> <!-- Sample test Suite -->
</testng-results>
